[]
[]
[]
[]
[]
[254354, 254579]
[]
[]
[477863, 477914]
[]
[]
[]
[]
[]
[]
[]
[]
[]
[]
[]
[]
[]
[]
[]
[]
[316914, 317206]
[]
[]
[68287, 68418]
[]
[]
[]
[]
[]
[]
[]
[]
[]
[]
[]
[]
[]
[]
[]
[]
[]
[]
[]
[530281, 530283] [530512, 530569]
[]
[]
[]
[1824, 1824]
[351841, 352181]
[]
[]
[]
[]
[]
[949456, 949456]
[]
[]
[]
[]
[]
[883642, 883808]
[]
[]
[]
[]
[]
[]
[]
[935928, 936054]
[]
[810954, 811043] [811044, 811057]
[543340, 543430] [543519, 543586]
[425922, 425950]
[]
[46077, 46275]
[]
[]
[]
[]
[]
[]
[]
[]
[]
[]
[]
[]
[]
[695280, 695280]
[766692, 767013]
[]
[]
[]
[]
[]
[60496, 60790] [60564, 60816]
[]
[]
[]
[]
[615419, 615518]
[]
[324007, 324193]
[]
[]
[513938, 514195] [514128, 514330]
[428040, 428149] [428197, 428197]
[]
[]
[]
[452135, 452270]
[]
[]
[]
[]
[715520, 715665]
[]
[]
[]
[]
[]
[]
[45243, 45243]
[]
[]
[]
[979938, 979938]
[]
[]
[]
[]
[]
[]
[]
[]
[]
[850501, 850627] [850569, 850930] [850812, 850936] [850822, 851028]
[]
[875492, 875674]
[]
[850822, 851028]
[]
[386805, 387059]
[470096, 470347]
[]
[]
[]
[]
[]
[]
[]
[]
[]
[]
[548358, 548441]
[]
[]
[]
[]
[]
[]
[]
[]
[]
[]
[949101, 949304]
[]
[]
[]
[]
[]
[]
[]
[265063, 265180]
[]
[423286, 423498]
[]
[]
[]
[]
[845079, 845399]
[]
[781501, 781735]
[]
[]
[]
[28769, 28876]
[]
[]
[]
[]
[]
[]
[]
[]
[]
[714549, 714778] [714677, 714742]
[]
[]
[]
[]
[]
[]
[370437, 370537] [370477, 370477]
[]
[]
[]
[]
[]
[]
[]
[]
[419546, 419649]
[]
[]
[206526, 206807]
[]
[532783, 532830]
[]
[]
[]
[]
[]
[785761, 785921]
[]
[]
[]
[]
[]
[]
[]
[]
[]
[]
[]
[363382, 363464]
[840889, 841128]
[]
[684030, 684179]
[]
[]
[]
[]
[]
[]
[]
[]
[]
[]
[]
[]
[]
[698906, 699245]
[]
[]
[]
[]
[]
[236538, 236555]
[]
[]
[]
[]
[]
[]
[]
[]
[]
[]
[]
[]
[]
[]
[]
[]
[]
[]
[395921, 396111] [396128, 396294]
[]
[]
[]
[]
[]
[193919, 194234]
[]
[]
[470096, 470347]
[]
[]
[]
[]
[]
[]
[]
[]
[]
[]
[]
[280979, 281167]
[]
[]
[]
[808405, 808604]
[325993, 326089]
[]
[]
[414095, 414466]
[]
[]
[]
[]
[507344, 507506]
[]
[]
[]
[]
[]
[]
[]
[]
[]
[]
[]
[]
[]
[]
[]
[]
[]
[]
[419888, 420055]
[]
[]
[]
[]
[]
[]
[]
[]
[586514, 586703]
[]
[]
[226296, 226403]
[]
[]
[]
[]
[185397, 185520]
[]
[]
[]
[]
[]
[683467, 683721] [683847, 683982]
[]
[]
[]
[]
[]
[]
[]
[]
[]
[437927, 437927]
[818867, 819011]
[]
[411959, 412201]
[]
[]
[]
[]
[]
[]
[]
[]
[]
[]
[]
[]
[]
[]
[]
[44540, 44540]
[23007, 23034]
[43491, 43630]
[]
[452135, 452270]
[]
[]
[]
[]
[825409, 825594]
[250431, 250536]
[]
[]
[]
[]
[]
[]
[]
[221422, 221634]
[]
[]
[]
[]
[]
[]
[]
[]
[]
[]
[]
[]
[]
[]
[]
[396602, 396666]
[545742, 545857]
[]
[]
[264057, 264207]
[]
[]
[]
[]
[]
[]
[]
[]
[]
[]
[580214, 580480]
[]
[234120, 234219] [234236, 234334]
[]
[]
[]
[]
[]
[]
[]
[]
[396128, 396294]
[925839, 926083]
[]
[]
[]
[]
[698906, 699245]
[]
[185397, 185520]
[]
[]
[]
[]
[]
[]
[]
[740119, 740217]
[]
[]
[]
[]
[]
[]
[]
[]
[]
[]
[]
[]
[]
[]
[]
[]
[]
[]
[]
[960847, 961035]
[]
[]
[]
[]
[]
[]
[]
[864162, 864162] [864215, 864219]
[]
[]
[]
[278150, 278290]
[]
[875492, 875674]
[]
[]
[]
[164706, 164706]
[]
[]
[]
[]
[]
[]
[]
[]
[]
[]
[]
[]
[]
[]
[]
[]
[]
[]
[]
[]
[]
[]
[]
[]
[]
[305970, 305980]
[]
[]
[]
[]
[]
[]
[]
[]
[]
[]
[]
[]
[]
[]
[]
[]
[]
[]
[]
[]
[]
[535175, 535201]
[]
[]
[]
[]
[]
[328500, 328500]
[]
[]
[327863, 328000]
[]
[]
[]
[]
[]
[199760, 199885]
[]
[]
[]
[]
[]
[]
[]
[]
[657253, 657489]
[]
[]
[]
[]
[948654, 948746]
[]
[362728, 362739]
[]
[]
[]
[477863, 477914]
[]
[562447, 562808]
[]
[]
[]
[]
[815179, 815306]
[330470, 330688]
[]
[]
[]
[]
[359922, 359935] [360016, 360262]
[]
[78461, 78569]
[]
[]
[42761, 42858]
[]
[]
[]
[]
[]
[]
[]
[]
[]
[]
[576922, 577181]
[]
[]
[]
[]
[]
[]
[]
[]
[]
[]
[]
[]
[905006, 905150]
[576922, 577181]
[378796, 378796]
[]
[50317, 50470]
[]
[]
[]
[742056, 742075]
[900354, 900435]
[]
[]
[]
[]
[]
[]
[806815, 807038]
[417005, 417260]
[]
[]
[]
[]
[28769, 28876]
[]
[]
[]
[]
[]
[]
[]
[]
[]
[599154, 599281]
[]
[]
[]
[]
[]
[]
[]
[]
[935928, 936054]
[]
[173532, 173861]
[507344, 507506]
[]
[]
[]
[]
[173994, 174093]
[]
[]
[]
[]
[]
[]
[]
[]
[]
[]
[]
[]
[]
[]
[]
[]
[]
[]
[]
[]
[872410, 872410]
[]
[]
[]
[115625, 115800]
[]
[]
[]
[]
[]
[]
[319479, 319658] [319708, 319743] [319714, 319886]
[]
[]
[]
[]
[]
[136851, 136963]
[]
[]
[]
[]
[481901, 481977]
[]
[]
[]
[]
[]
[]
[]
[]
[]
[]
[]
[]
[]
[386805, 387059]
[]
[550440, 550691]
[]
[]
[]
[]
[269015, 269085]
[]
[]
[]
[]
[709738, 709845]
[]
[]
[]
[]
[]
[143673, 143767]
[288989, 289320]
[]
[]
[]
[]
[]
[]
[]
[]
[]
[]
[]
[]
[]
[]
[]
[]
[]
[]
[997120, 997120]
[239820, 239862]
[]
[]
[]
[]
[]
[]
[]
[]
[]
[]
[]
[]
[]
[]
[]
[]
[]
[]
[]
[]
[]
[]
[983006, 983144]
[]
[]
[]
[]
[]
[]
[]
[]
[]
[]
[]
[643557, 643600]
[]
[]
[]
[139174, 139277] [139212, 139241]
[]
[411959, 412201]
[]
[]
[]
[]
[]
[]
[]
[]
[970615, 970775]
[176005, 176268]
[625104, 625203]
[]
[]
[]
[]
[247235, 247567]
[]
[]
[]
[391970, 392013]
[]
[]
[]
[]
[]
[]
[]
[]
[]
[]
[]
[319714, 319886]
[348293, 348293]
[]
[615419, 615518]
[]
[]
[]
[]
[]
[]
[]
[513255, 513490] [513529, 513736]
[]
[]
[]
[697998, 698188]
[]
[]
[]
[]
[]
[112399, 112445]
[262183, 262183]
[475932, 476155]
[]
[]
[]
[]
[]
[]
[]
[]
[]
[417005, 417260]
[]
[]
[]
[]
[736315, 736372]
[731246, 731469]
[]
[]
[]
[]
[]
[]
[424131, 424367] [424581, 424747]
[]
[419546, 419649]
[]
[]
[]
[]
[]
[]
[]
[894295, 894621]
[]
[]
[]
[]
[]
[]
[]
[244965, 245122] [244965, 245158]
[]
[58937, 59150]
[]
[]
[]
[]
[]
[]
[]
[]
[]
[384679, 384854]
[804039, 804152]
[]
[]
[]
[]
[]
[382603, 382603]
[]
[]
[]
[]
[]
[]
[]
[]
[]
[]
[]
[]
[]
[]
[]
[]
[]
[]
[]
[934359, 934752]
[316914, 317206]
[]
[]
[]
[]
[]
[]
[]
[]
[]
[]
[]
[925839, 926083]
[]
[935280, 935319]
[509399, 509487]
[]
[]
[]
[]
[]
[]
[]
[]
[]
[]
[469253, 469266]
[351516, 351633]
[]
[]
[]
[]
[]
[442993, 443183]
[]
[]
[]
[]
[104355, 104447]
[714549, 714778] [714677, 714742]
[]
[]
[]
[]
[386805, 387059]
[]
[]
[888290, 888478]
[]
[]
[]
[]
[781501, 781735]
[]
[]
[]
[]
[]
[]
[]
[]
[]
[]
[486004, 486207]
[]
[]
[804039, 804152]
[]
[]
[]
[936105, 936516]
[781268, 781536]
[]
[]
[805579, 805703]
[]
[]
[]
[]
[]
[]
[749441, 749781]
[]
[]
[]
[]
[142236, 142331]
[]
[]
[]
[]
[]
[]
[]
[]
[]
[705668, 705719] [705692, 705696]
[]
[]
[]
[]
[889996, 890114]
[]
[]
[]
[]
[]
[]
[]
[]
[]
[]
[662643, 662806]
[]
[]
[]
[]
[]
[]
[]
[]
[]
[]
[]
[]
[]
[]
[]
[]
[]
[]
[]
[]
[173994, 174093]
[73566, 73735]
[523634, 523709]
[]
[]
[]
[]
[]
[]
[]
[]
[]
[]
[]
[]
[]
[]
[]
[]
[]
[]
[119292, 119396]
[716002, 716073]
[]
[]
[]
[]
[]
[]
[]
[]
[]
[639877, 640133]
[]
[]
[]
[270507, 270673]
[167918, 168063]
[]
[961395, 961721]
[]
[]
[]
[]
[]
[]
[]
[]
[154991, 155130]
[]
[]
[]
[]
[]
[]
[]
[]
[]
[]
[]
[]
[]
[]
[]
[]
[]
[]
[]
[]
[]
[]
[]
[]
[]
[]
[]
[699925, 699962]
[]
[]
[991457, 991550]
[]
[247235, 247567]
[]
[15045, 15134]
[]
[622382, 622382]
[]
[]
[]
[]
[]
[]
[32331, 32619]
[]
[]
[910302, 910437]
[]
[]
[]
[]
[]
[]
[]
[259348, 259569]
[]
[]
[]
[]
[]
[]
[319479, 319658]
[]
[]
[749441, 749781]
[]
[]
[]
[740119, 740217]
[]
[]
[]
[]
[]
[954402, 954738]
[622382, 622382]
[]
[]
[]
[247235, 247567]
[]
[]
[]
[]
[]
[]
[]
[]
[]
[]
[]
[]
[]
[]
[]
[]
[]
[]
[]
[]
[]
[]
[]
[]
[]
[]
[]
[]
[]
[]
[]
[]
[]
[]
[]
[]
[149388, 149535]
[]
[]
[]
[]
[]
[]
[]
[]
[736315, 736372]
[]
[]
[]
[]
[]
[]
[875492, 875674] [875722, 875759]
[]
[]
[]
[]
[]
[]
[]
[]
[]
[933648, 933648]
[258344, 258456]
[355210, 355328]
[]
[]
[]
[]
[]
[]
[]
[]
[]
[]
[]
[]
[]
[]
[93649, 93786]
[]
[]
[]
[]
[168714, 168793]
[]
[]
[]
[]
[]
[]
[]
[]
[563281, 563396]
[]
[]
[]
[]
[]
[]
[]
[]
[723989, 724147]
[]
[]
[]
[]
[]
[]
[]
[]
[]
[]
[]
[]
[]
[958963, 959144]
[]
[]
[]
[]
[]
[]
[]
[950715, 950852]
[301516, 301614]
[]
[278150, 278290]
[766692, 767013]
[917025, 917045]
[]
[]
[]
[]
[]
[]
[]
[873905, 873992]
[]
[672039, 672121]
[]
[888290, 888478]
[]
[]
[]
[]
[948654, 948746]
[]
[677477, 677773]
[]
[]
[]
[]
[]
[396128, 396294]
[82423, 82736]
[]
[]
[]
[]
[]
[]
[]
[]
[]
[101538, 101538]
[]
[]
[]
[48630, 48728]
[]
[]
[]
[]
[]
[]
[]
[]
[]
[]
[]
[]
[]
[255743, 255877]
[]
[]
[523108, 523315]
[]
[]
[]
[]
[]
[]
[]
[]
[]
[]
[]
[]
[]
[761779, 761779] [761885, 761961]
[308305, 308385]
[630149, 630296] [630191, 630326]
[]
[]
[962798, 962889]
[474493, 474564]
[]
[]
[]
[]
[]
[]
[]
[]
[587312, 587444]
[911410, 911663]
[658785, 659054]
[]
[]
[]
[]
[]
[]
[]
[]
[]
[]
[]
[431691, 431868]
[]
[]
[878300, 878309]
[]
[]
[]
[]
[]
[]
[]
[351516, 351633]
[]
[]
[]
[]
[]
[]
[]
[957291, 957450] [957359, 957359]
[]
[419546, 419649]
[]
[]
[]
[]
[]
[]
[]
[]
[]
[]
[]
[]
[3866, 4141] [4025, 4184]
[]
[]
[]
[]
[]
[]
[]
[530512, 530569]
[634940, 635045]
[]
[]
[712966, 713143]
[]
[505614, 505793] [505729, 505906]
[]
[996680, 996909]
[]
[]
[]
[]
[]
[802143, 802389] [802226, 802588]
[485477, 485771] [485742, 485871]
[]
[]
[]
[]
[]
[927831, 928041]
[]
[662643, 662806]
[679938, 680004]
[]
[]
[]
[]
[]
[]
[]
[]
[]
[]
[]
[]
[]
[]
[]
[166229, 166316]
[]
[]
[274610, 274750]
[]
[58937, 59150] [59089, 59286]
[]
[]
[]
[]
[850569, 850930] [850812, 850936] [850822, 851028] [851002, 851298]
[962978, 963050]
[118159, 118313]
[]
[]
[]
[]
[]
[717377, 717623]
[]
[]
[714549, 714778] [714677, 714742]
[]
[]
[]
[683847, 683982]
[]
[]
[]
[]
[]
[]
[]
[772986, 773093]
[]
[434067, 434072]
[]
[]
[283650, 283835]
[]
[]
[]
[]
[779010, 779053]
[]
[]
[]
[]
[]
[424581, 424747]
[]
[]
[]
[]
[]
[]
[]
[597145, 597294]
[]
[202685, 202946]
[]
[]
[]
[962798, 962889] [962978, 963050]
[]
[]
[]
[]
[818049, 818122]
[]
[]
[]
[]
[]
[817474, 817588] [817572, 817744] [817582, 817746]
[]
[]
[]
[]
[]
[]
[]
[]
[579360, 579450]
[]
[]
[197561, 197835]
[]
[]
[]
[]
[]
[]
[]
[202685, 202946]
[]
[]
[]
[]
[]
[]
[]
[266277, 266295]
[]
[]
[]
[]
[]
[456586, 456916]
[]
[]
[]
[]
[]
[]
[]
[]
[712966, 713143]
[]
[101757, 101757]
[]
[]
[]
[]
[]
[]
[]
[]
[]
[]
[]
[]
[400320, 400527]
[]
[]
[]
[]
[]
[]
[]
[]
[]
[]
[]
[]
[]
[]
[]
[627323, 627353]
[806041, 806165]
[]
[]
[]
[]
[]
[]
[]
[]
[80325, 80380]
[]
[]
[963584, 963612]
[]
[]
[280782, 280929] [280979, 281167]
[]
[541054, 541183]
[]
[]
[]
[596359, 596426] [596503, 596578]
[]
[523108, 523315]
[]
[772986, 773093]
[]
[]
[553793, 553855]
[]
[]
[599154, 599281]
[]
[280497, 280677]
[]
[]
[]
[]
[425245, 425421]
[65961, 66198]
[501384, 501512]
[]
[]
[]
[]
[]
[]
[]
[826036, 826070] [826043, 826296]
[791652, 791833]
[]
[]
[370437, 370537] [370477, 370477]
[209154, 209456]
[]
[]
[]
[]
[]
[]
[]
[596359, 596426]
[]
[]
[740808, 741048]
[]
[]
[]
[]
[]
[]
[]
[]
[]
[]
[]
[]
[]
[]
[45924, 46025] [46077, 46275]
[]
[908673, 908673]
[]
[]
[]
[]
[]
[]
[658785, 659054]
[]
[210119, 210119]
[]
[]
[]
[857748, 857963]
[]
[]
[]
[]
[971063, 971266]
[]
[]
[]
[243266, 243331]
[]
[]
[]
[541054, 541183]
[]
[]
[]
[]
[]
[]
[]
[]
[481246, 481596]
[]
[]
[]
[]
[]
[]
[413609, 413651]
[901655, 901865]
[]
[]
[]
[]
[423286, 423498]
[]
[]
[158133, 158312]
[116876, 117119]
[]
[]
[875782, 875868]
[]
[]
[]
[]
[]
[]
[]
[]
[]
[]
[]
[]
[]
[]
[]
[]
[]
[]
[17507, 17589]
[]
[494251, 494359]
[]
[]
[40164, 40272] [40417, 40492]
[]
[]
[]
[385234, 385291]
[]
[]
[]
[]
[]
[]
[]
[]
[]
[]
[]
[]
[]
[]
[]
[]
[]
[]
[611018, 611170]
[122258, 122413]
[37869, 37967]
[589525, 589536]
[]
[]
[]
[310784, 310975]
[773322, 773394]
[]
[]
[]
[]
[]
[677477, 677773]
[]
[]
[]
[]
[]
[]
[586514, 586703]
[]
[]
[]
[]
[]
[]
[]
[]
[]
[]
[]
[]
[]
[967265, 967599] [967543, 967702] [967615, 967895]
[355437, 355546]
[311111, 311183]
[]
[]
[]
[]
[]
[228348, 228509]
[]
[]
[]
[]
[]
[]
[936105, 936516] [936263, 936429]
[397480, 397681] [397618, 397854]
[]
[]
[]
[576922, 577181]
[]
[]
[]
[]
[]
[]
[]
[]
[]
[]
[]
[715239, 715327]
[]
[]
[]
[]
[]
[]
[]
[677477, 677773] [677707, 677813]
[167232, 167232]
[]
[]
[816117, 816452]
[]
[]
[]
[]
[]
[]
[]
[]
[710667, 710772]
[487750, 487750]
[]
[]
[]
[]
[]
[]
[]
[]
[]
[]
[]
[]
[770817, 770884]
[]
[]
[]
[]
[]
[832828, 832967]
[]
[]
[]
[]
[]
[872053, 872102]
[330813, 330955]
[894295, 894621]
[]
[303070, 303148]
[]
[]
[]
[]
[]
[]
[]
[]
[]
[]
[]
[963164, 963380]
[]
[]
[]
[]
[]
[]
[]
[]
[]
[]
[753158, 753310]
[]
[]
[]
[]
[]
[]
[]
[]
[]
[]
[]
[]
[]
[]
[]
[]
[]
[]
[]
[]
[]
[]
[]
[]
[]
[]
[]
[]
[]
[684030, 684179]
[]
[]
[]
[]
[]
[]
[]
[]
[]
[]
[371963, 372091]
[]
[]
[]
[]
[]
[]
[]
[]
[]
[]
[]
[]
[]
[40591, 40690]
[]
[]
[]
[657253, 657489]
[843156, 843490]
[]
[]
[]
[]
[]
[]
[411959, 412201]
[]
[]
[]
[]
[]
[]
[]
[]
[]
[]
[]
[407456, 407674]
[]
[]
[]
[969840, 970023]
[]
[]
[]
[]
[782969, 783069]
[]
[244965, 245158]
[]
[400320, 400527]
[]
[]
[]
[]
[]
[]
[]
[]
[]
[]
[]
[]
[]
[]
[]
[]
[]
[]
[]
[]
[]
[]
[]
[]
[]
[]
[]
[]
[]
[]
[]
[]
[819158, 819293]
[]
[]
[]
[]
[]
[]
[]
[]
[]
[]
[]
[423286, 423498]
[]
[]
[]
[]
[]
[]
[]
[]
[]
[]
[]
[]
[]
[197561, 197835]
[]
[]
[]
[]
[]
[]
[251588, 251796]
[]
[]
[]
[]
[]
[]
[]
[]
[]
[]
[]
[]
[]
[]
[]
[]
[]
[]
[]
[]
[]
[]
[]
[]
[]
[]
[]
[]
[]
[]
[]
[]
[]
[]
[]
[]
[]
[]
[]
[]
[]
[]
[]
[]
[]
[]
[]
[]
[]
[]
[]
[]
[]
[]
[]
[]
[]
[]
[]
[]
[]
[]
[]
[]
[]
[]
[]
[]
[]
[]
[]
[]
[]
[]
[]
[]
[]
[]
[]
[]
[]
[]
[]
[]
[]
[]
[]
[]
[]
[]
[]
[]
[]
[]
[]
[]
[]
[]
[845079, 845399] [845269, 845433]
[]
[]
[684030, 684179]
[]
[]
[]
[]
[]
[]
[]
[]
[]
[]
[]
[303865, 304027]
[]
[]
[]
[]
[]
[]
[]
[92847, 92949]
[264870, 264917]
[]
[]
[912550, 912711]
[]
[]
[]
[]
[]
[99878, 100035]
[]
[]
[586817, 586999]
[]
[]
[]
[]
[]
[]
[]
[40164, 40272]
[]
[110947, 111112]
[958111, 958182]
[]
[]
[]
[]
[596359, 596426]
[]
[]
[]
[]
[]
[]
[]
[]
[]
[]
[]
[]
[]
[]
[]
[]
[]
[]
[]
[114646, 114821]
[]
[]
[]
[]
[]
[569313, 569670]
[]
[622036, 622223]
[]
[]
[]
[]
[]
[]
[]
[]
[]
[]
[]
[]
[]
[]
[]
[]
[]
[]
[]
[]
[]
[]
[]
[]
[]
[]
[]
[]
[]
[]
[]
[]
[]
[]
[]
[]
[]
[]
[]
[]
[]
[]
[]
[]
[]
[]
[]
[]
[]
[]
[65961, 66198]
[]
[]
[]
[]
[]
[]
[]
[]
[]
[66764, 66995]
[]
[]
[]
[]
[]
[]
[]
[]
[]
[]
[]
[]
[]
[]
[]
[]
[]
[]
[]
[]
[]
[]
[]
[957291, 957450]
[]
[]
[]
[]
[]
[]
[]
[]
[]
[]
[]
[]
[]
[]
[]
[]
[]
[]
[]
[223076, 223203]
[]
[564127, 564320]
[843156, 843490]
[]
[]
[]
[]
[]
[]
[]
[]
[]
[]
[]
[]
[253528, 253710]
[]
[]
[]
[]
[]
[655724, 655927]
[]
[]
[]
[]
[851002, 851298]
[]
[]
[]
[845079, 845399]
[]
[]
[]
[]
[206526, 206807]
[]
[]
[136851, 136963]
[]
[]
[]
[]
[]
[]
[]
[]
[]
[]
[]
[]
[]
[]
[]
[]
[]
[]
[]
[]
[]
[]
[]
[]
[221422, 221634]
[]
[]
[]
[]
[]
[]
[]
[]
[]
[]
[]
[]
[271129, 271224]
[]
[186391, 186530]
[]
[]
[787865, 788056]
[]
[]
[]
[]
[]
[]
[85117, 85363]
[]
[]
[]
[]
[]
[]
[288989, 289320]
[]
[]
[]
[]
[]
[]
[]
[]
[634940, 635045]
[]
[]
[]
[]
[883642, 883808]
[]
[]
[]
[324614, 324684]
[]
[]
[]
[958188, 958253]
[]
[52259, 52522]
[]
[]
[]
[]
[]
[]
[25031, 25147]
[]
[687852, 687948]
[]
[]
[]
[]
[]
[]
[]
[]
[]
[]
[]
[]
[]
[]
[]
[]
[]
[]
[]
[]
[]
[]
[]
[]
[]
[]
[]
[]
[]
[]
[]
[]
[]
[]
[]
[513255, 513490]
[]
[]
[]
[]
[]
[]
[]
[]
[]
[]
[]
[]
[]
[]
[]
[]
[]
[]
[]
[]
[]
[]
[]
[]
[]
[]
[]
[]
[60496, 60790] [60564, 60816]
[234236, 234334]
[]
[]
[]
[]
[]
[]
[]
[]
[]
[]
[]
[]
[]
[]
[845079, 845399]
[]
[]
[]
[]
[]
[]
[]
[]
[]
[]
[]
[]
[]
[]
[]
[]
[]
[]
[]
[]
[]
[]
[]
[]
[]
[]
[]
[]
[]
[]
[]
[]
[]
[]
[]
[]
[]
[]
[]
[]
[]
[]
[]
[]
[]
[]
[363382, 363464]
[]
[]
[]
[]
[114646, 114821]
[]
[]
[]
[]
[]
[]
[]
[611418, 611522]
[]
[]
[]
[]
[]
[]
[]
[]
[]
[]
[]
[]
[]
[]
[]
[]
[]
[]
[]
[]
[]
[]
[]
[]
[967265, 967599]
[]
[698906, 699245]
[]
[]
[]
[]
[]
[]
[]
[539092, 539243]
[]
[]
[]
[]
[]
[]
[843156, 843490]
[25963, 26124]
[]
[]
[]
[]
[]
[]
[485477, 485771]
[]
[]
[]
[]
[]
[740808, 741048]
[]
[]
[]
[]
[]
[]
[]
[]
[]
[]
[]
[]
[]
[]
[]
[]
[]
[32331, 32619]
[]
[]
[]
[]
[]
[]
[]
[]
[]
[]
[]
[]
[]
[]
[]
[683467, 683721]
[]
[]
[]
[]
[]
[]
[]
[127287, 127410]
[]
[]
[]
[]
[]
[]
[]
[]
[]
[]
[]
[]
[]
[]
[]
[]
[]
[]
[]
[]
[]
[]
[]
[]
[]
[]
[]
[]
[]
[]
[]
[149388, 149535]
[]
[]
[]
[808405, 808604]
[]
[]
[]
[]
[]
[]
[]
[]
[]
[]
[]
[]
[]
[]
[542010, 542225]
[]
[]
[]
[]
[]
[]
[]
[]
[]
[]
[]
[]
[]
[]
[]
[]
[]
[]
[]
[]
[]
[]
[]
[]
[]
[]
[]
[]
[]
[]
[]
[]
[]
[]
[]
[]
[]
[]
[]
[]
[]
[]
[]
[]
[]
[]
[]
[]
[]
[]
[]
[]
[]
[]
[]
[605681, 605787]
[]
[]
[]
[]
[532862, 533057]
[]
[]
[]
[]
[]
[]
[]
[]
[]
[]
[]
[]
[]
[]
[]
[]
[]
[]
[]
[]
[]
[660753, 660894]
[]
[431691, 431868]
[]
[]
[]
[]
[886652, 886804] [886756, 886821]
[]
[]
[]
[]
[]
[]
[]
[]
[]
[]
[]
[]
[]
[]
[]
[]
[]
[]
[]
[]
[]
[]
[]
[]
[228068, 228189]
[]
[]
[]
[]
[]
[]
[]
[]
[]
[962798, 962889]
[]
[]
[]
[]
[]
[]
[]
[158133, 158312]
[]
[]
[]
[]
[]
[351841, 352181]
[]
[]
[]
[]
[]
[]
[]
[]
[]
[]
[]
[]
[]
[]
[255743, 255877]
[440659, 440917]
[]
[]
[]
[741436, 741567]
[]
[]
[]
[]
[]
[503996, 504222]
[]
[]
[]
[]
[]
[]
[]
[]
[]
[]
[]
[]
[]
[]
[]
[]
[]
[]
[]
[]
[]
[]
[]
[]
[]
[]
[514128, 514330]
[]
[]
[]
[]
[]
[]
[]
[673542, 673779]
[]
[]
[]
[]
[]
[]
[]
[]
[]
[]
[]
[]
[]
[81155, 81346]
[]
[]
[]
[]
[]
[]
[]
[177113, 177328]
[]
[]
[]
[]
[]
[]
[]
[]
[]
[]
[]
[]
[]
[]
[]
[]
[584664, 584785] [584681, 584810]
[]
[]
[]
[]
[]
[]
[]
[]
[]
[]
[]
[]
[]
[]
[]
[]
[]
[]
[]
[]
[]
[]
[]
[]
[]
[]
[]
[]
[404522, 404749]
[]
[]
[]
[]
[]
[]
[]
[]
[]
[]
[]
[854408, 854633]
[]
[]
[]
[]
[]
[]
[]
[]
[]
[]
[]
[]
[]
[]
[]
[]
[]
[]
[]
[]
[741667, 741807]
[]
[]
[]
[]
[]
[]
[]
[850569, 850930]
[]
[]
[]
[]
[]
[]
[]
[]
[]
[]
[857606, 857762]
[]
[]
[]
[]
[]
[]
[]
[]
[]
[]
[]
[]
[]
[]
[]
[]
[]
[]
[]
[]
[]
[]
[]
[]
[]
[]
[717377, 717623]
[]
[]
[]
[]
[]
[]
[]
[]
[602759, 602921]
[]
[]
[]
[850569, 850930] [850812, 850936]
[]
[]
[]
[]
[]
[]
[]
[]
[]
[]
[]
[]
[]
[]
[]
[]
[]
[]
[]
[]
[]
[]
[]
[]
[]
[]
[]
[]
[]
[]
[]
[13633, 13789]
[]
[]
[]
[]
[]
[]
[]
[]
[]
[283650, 283835]
[]
[]
[]
[]
[]
[]
[]
[]
[]
[]
[]
[]
[]
[]
[749946, 750113]
[]
[]
[]
[]
[]
[]
[]
[]
[250431, 250536]
[]
[]
[]
[]
[]
[]
[]
[]
[]
[]
[]
[]
[]
[]
[]
[]
[]
[]
[]
[]
[]
[207213, 207282]
[]
[]
[]
[]
[391752, 391816]
[]
[]
[]
[]
[]
[411959, 412201]
[]
[]
[]
[]
[]
[]
[]
[698906, 699245]
[]
[]
[]
[]
[]
[]
[]
[]
[]
[]
[]
[]
[]
[]
[]
[]
[]
[625104, 625203]
[134573, 134860]
[]
[]
[]
[]
[]
[]
[]
[]
[]
[165367, 165516]
[]
[]
[]
[]
[]
[]
[]
[151954, 152064]
[]
[]
[]
[]
[]
[]
[]
[]
[]
[]
[]
[]
[]
[]
[]
[]
[]
[]
[]
[]
[]
[]
[806815, 807038]
[]
[857606, 857762]
[]
[]
[]
[]
[]
[]
[]
[]
[]
[]
[]
[]
[]
[]
[50317, 50470]
[]
[]
[]
[]
[]
[]
[]
[68287, 68418]
[]
[]
[]
[]
[]
[]
[]
[]
[]
[]
[]
[]
[]
[]
[]
[]
[]
[]
[]
[]
[]
[]
[]
[]
[]
[]
[]
[]
[]
[]
[]
[]
[186391, 186530]
[]
[]
[]
[]
[]
[]
[]
[]
[]
[]
[]
[]
[]
[]
[]
[]
[]
[657253, 657489]
[]
[]
[]
[]
[]
[]
[]
[]
[]
[569313, 569670]
[]
[]
[]
[]
[547582, 547914]
[]
[]
[]
[]
[]
[]
[]
[]
[]
[]
[]
[]
[]
[]
[]
[658785, 659054]
[]
[]
[]
[]
[]
[]
[]
[]
[]
[902916, 903094]
[]
[]
[]
[342181, 342286]
[]
[]
[]
[]
[]
[]
[]
[]
[]
[]
[]
[330470, 330688]
[848613, 848767]
[]
[]
[]
[]
[]
[]
[]
[]
[]
[404522, 404749]
[]
[]
[]
[]
[]
[]
[]
[]
[]
[]
[]
[]
[]
[]
[]
[]
[]
[]
[]
[]
[]
[]
[]
[]
[]
[]
[]
[]
[]
[]
[]
[197561, 197835]
[]
[]
[]
[]
[]
[]
[810293, 810328]
[]
[]
[]
[]
[425245, 425421]
[]
[658785, 659054]
[]
[]
[]
[]
[475932, 476155]
[]
[]
[]
[]
[]
[]
[817572, 817744] [817582, 817746]
[]
[]
[]
[]
[]
[414095, 414466]
[]
[]
[]
[]
[]
[]
[]
[]
[]
[]
[]
[]
[]
[]
[]
[]
[]
[]
[]
[]
[]
[]
[]
[]
[]
[]
[]
[]
[]
[]
[]
[]
[84236, 84314] [84242, 84299]
[]
[]
[]
[]
[]
[]
[875492, 875674]
[]
[]
[]
[]
[]
[]
[]
[]
[]
[]
[]
[]
[]
[]
[642125, 642273]
[]
[]
[]
[]
[]
[]
[]
[]
[]
[]
[]
[]
[]
[]
[]
[]
[]
[]
[]
[]
[]
[]
[]
[]
[]
[]
[]
[]
[]
[]
[]
[]
[]
[]
[]
[]
[]
[]
[]
[]
[]
[]
[]
[]
[]
[]
[]
[]
[]
[]
[]
[]
[]
[]
[]
[]
[]
[]
[]
[]
[]
[]
[]
[]
[]
[]
[]
[]
[]
[]
[]
[]
[]
[]
[]
[]
[]
[]
[]
[]
[]
[]
[]
[]
[]
[]
[]
[]
[]
[]
[]
[]
[]
[]
[]
[]
[]
[]
[]
[]
[]
[]
[]
[]
[]
[]
[]
[]
[]
[471484, 471625]
[]
[]
[582793, 582950]
[]
[]
[]
[]
[990687, 990783]
[]
[]
[]
[854408, 854633]
[]
[]
[60496, 60790] [60564, 60816]
[]
[]
[]
[]
[]
[]
[629087, 629261]
[]
[]
[]
[]
[]
[]
[]
[]
[]
[]
[]
[]
[]
[]
[]
[]
[]
[]
[]
[]
[]
[694450, 694635]
[]
[]
[]
[]
[]
[]
[]
[]
[997486, 997547]
[]
[]
[]
[]
[61671, 61799]
[]
[]
[557700, 557823]
[]
[]
[]
[]
[319714, 319886]
[]
[]
[]
[]
[]
[965394, 965637]
[]
[]
[]
[]
[]
[]
[]
[]
[]
[]
[]
[]
[]
[]
[]
[]
[]
[]
[]
[]
[]
[]
[]
[]
[]
[]
[]
[]
[]
[]
[]
[]
[]
[]
[]
[]
[]
[]
[]
[]
[]
[]
[]
[]
[]
[]
[]
[]
[]
[]
[]
[]
[25963, 26124]
[]
[]
[]
[]
[]
[]
[]
[]
[]
[]
[]
[]
[]
[]
[]
[]
[]
[]
[]
[]
[]
[]
[]
[]
[]
[283650, 283835]
[]
[475932, 476155]
[]
[569313, 569670]
[]
[]
[]
[]
[]
[]
[]
[]
[]
[]
[]
[]
[]
[]
[]
[]
[]
[]
[]
[477863, 477914]
[]
[]
[]
[]
[]
[82423, 82736]
[]
[]
[]
[]
[]
[]
[]
[]
[]
[]
[]
[]
[]
[]
[]
[]
[]
[]
[]
[]
[]
[]
[]
[]
[]
[]
[]
[]
[]
[]
[12102, 12132]
[]
[]
[]
[]
[]
[]
[319479, 319658]
[]
[]
[481246, 481596]
[]
[]
[213860, 214055]
[901655, 901865]
[]
[]
[]
[]
[]
[]
[]
[]
[]
[]
[]
[]
[]
[]
[]
[]
[]
[301845, 301927]
[]
[]
[]
[]
[]
[]
[]
[]
[319714, 319886]
[]
[]
[563281, 563396]
[]
[]
[]
[]
[]
[]
[]
[]
[]
[]
[]
[]
[]
[]
[]
[]
[]
[]
[]
[]
[]
[]
[]
[]
[]
[]
[]
[]
[]
[]
[]
[]
[]
[]
[]
[]
[]
[]
[]
[]
[]
[]
[]
[]
[]
[]
[]
[]
[]
[]
[]
[594214, 594229]
[]
[]
[]
[]
[]
[]
[]
[]
[]
[]
[]
[]
[]
[]
[]
[]
[]
[]
[]
[]
[]
[]
[]
[]
[]
[]
[]
[]
[]
[]
[]
[814159, 814358]
[]
[]
[]
[]
[]
[]
[]
[]
[]
[]
[]
[]
[]
[]
[]
[]
[]
[]
[]
[]
[]
[]
[]
[]
[586817, 586999]
[]
[]
[]
[]
[]
[899858, 899903]
[]
[]
[]
[]
[]
[]
[]
[]
[]
[]
[]
[]
[423286, 423498]
[]
[]
[888290, 888478]
[]
[557548, 557634]
[]
[]
[]
[]
[]
[]
[]
[]
[]
[]
[]
[]
[]
[]
[]
[]
[]
[]
[]
[]
[]
[]
[]
[]
[]
[]
[]
[]
[]
[]
[]
[]
[]
[]
[126640, 126882]
[]
[]
[]
[]
[]
[]
[]
[]
[]
[]
[]
[833749, 833868]
[]
[]
[]
[]
[]
[826043, 826296]
[]
[]
[]
[]
[]
[]
[]
[]
[]
[]
[]
[]
[]
[]
[]
[]
[]
[]
[]
[]
[]
[]
[]
[]
[]
[]
[]
[]
[]
[]
[]
[]
[]
[]
[]
[]
[]
[]
[]
[]
[]
[]
[]
[]
[]
[]
[]
[]
[]
[]
[]
[]
[]
[]
[]
[]
[]
[]
[]
[]
[]
[]
[]
[532862, 533057]
[]
[]
[843156, 843490]
[]
[]
[]
[]
[]
[]
[]
[]
[]
[]
[]
[]
[]
[]
[]
[]
[]
[]
[]
[]
[]
[]
[]
[]
[]
[]
[]
[]
[]
[]
[]
[]
[]
[997221, 997278]
[]
[]
[]
[]
[]
[]
[]
[]
[]
[]
[]
[]
[]
[]
[]
[]
[]
[]
[]
[]
[]
[]
[817474, 817588]
[]
[]
[]
[]
[]
[]
[857748, 857963]
[]
[]
[]
[]
[]
[288989, 289320]
[]
[569545, 569708]
[]
[]
[905974, 906097]
[]
[]
[]
[]
[]
[]
[]
[]
[]
[402294, 402589]
[]
[]
[]
[]
[796592, 796732]
[]
[]
[630191, 630326]
[625498, 625564]
[901655, 901865]
[]
[]
[]
[]
[]
[]
[]
[]
[]
[]
[]
[]
[]
[]
[]
[]
[]
[]
[]
[]
[580214, 580480]
[]
[]
[]
[]
[316914, 317206]
[]
[]
[]
[]
[]
[]
[349582, 349934]
[]
[]
[]
[]
[]
[]
[]
[]
[]
[]
[]
[]
[]
[]
[]
[]
[]
[]
[]
[]
[]
[]
[]
[]
[]
[]
[]
[]
[]
[]
[]
[]
[]
[]
[]
[]
[]
[]
[]
[]
[]
[]
[]
[]
[]
[187076, 187204]
[]
[]
[]
[]
[]
[]
[]
[]
[]
[]
[]
[]
[]
[]
[]
[]
[]
[]
[]
[]
[]
[]
[]
[]
[]
[818867, 819011]
[]
[]
[]
[478112, 478339]
[]
[]
[]
[]
[]
[]
[]
[]
[]
[]
[]
[]
[]
[]
[337220, 337370]
[]
[]
[]
[]
[]
[536591, 536656]
[]
[355210, 355328]
[]
[]
[]
[]
[]
[]
[]
[]
[73566, 73735]
[851002, 851298]
[]
[]
[]
[]
[]
[]
[]
[]
[]
[176005, 176268]
[]
[]
[]
[633591, 633788]
[38702, 38721]
[]
[]
[]
[]
[]
[]
[]
[]
[]
[]
[]
[]
[]
[513255, 513490]
[]
[]
[]
[]
[]
[]
[]
[]
[]
[]
[]
[]
[]
[]
[]
[]
[]
[]
[]
[]
[]
[]
[]
[]
[]
[]
[]
[]
[]
[]
[]
[]
[]
[]
[]
[]
[]
[]
[]
[502253, 502474]
[]
[]
[874047, 874224] [874052, 874178]
[586817, 586999]
[]
[]
[]
[]
[]
[]
[]
[]
[]
[]
[]
[]
[]
[]
[]
[]
[]
[]
[]
[]
[]
[]
[]
[]
[]
[]
[]
[]
[]
[]
[]
[]
[]
[]
[]
[]
[]
[]
[]
[]
[]
[]
[]
[]
[]
[]
[]
[]
[]
[]
[]
[]
[]
[]
[]
[]
[]
[]
[58937, 59150]
[]
[166229, 166316]
[]
[]
[]
[313303, 313412]
[]
[]
[]
[]
[]
[]
[]
[]
[]
[687852, 687948]
[]
[]
[]
[]
[]
[]
[]
[]
[]
[]
[]
[]
[]
[]
[]
[]
[]
[]
[]
[]
[]
[]
[]
[]
[]
[]
[]
[]
[]
[]
[]
[]
[]
[]
[]
[958963, 959144]
[]
[]
[]
[]
[]
[]
[]
[]
[]
[]
[]
[]
[]
[]
[]
[]
[671249, 671448]
[]
[]
[]
[]
[]
[]
[197561, 197835]
[925454, 925568]
[]
[]
[]
[]
[]
[]
[]
[]
[]
[]
[303865, 304027]
[]
[]
[]
[]
[]
[]
[957291, 957450]
[]
[]
[]
[]
[]
[]
[]
[]
[]
[]
[]
[]
[]
[]
[]
[]
[]
[]
[]
[]
[]
[]
[]
[239227, 239397]
[]
[]
[]
[]
[]
[]
[]
[830797, 830932]
[987402, 987565]
[936263, 936429]
[]
[]
[]
[]
[]
[]
[934359, 934752]
[478112, 478339]
[]
[]
[]
[]
[258344, 258456]
[]
[]
[]
[]
[424131, 424367]
[]
[]
[]
[]
[177860, 177937]
[]
[]
[]
[]
[]
[]
[]
[]
[]
[37869, 37967]
[]
[683467, 683721]
[60496, 60790] [60564, 60816]
[]
[]
[]
[]
[]
[]
[]
[]
[698906, 699245]
[]
[112399, 112445]
[]
[]
[]
[]
[]
[]
[]
[]
[]
[17507, 17589]
[]
[555116, 555144]
[]
[]
[611418, 611522]
[]
[]
[]
[]
[]
[]
[]
[]
[589525, 589536]
[654939, 655100]
[]
[]
[]
[]
[]
[]
[85117, 85363]
[]
[]
[]
[]
[]
[]
[840889, 841128]
[]
[]
[]
[]
[]
[]
[]
[]
[]
[]
[]
[]
[]
[]
[]
[]
[252010, 252121]
[]
[749441, 749781]
[]
[]
[]
[781268, 781536]
[]
[]
[]
[]
[]
[]
[]
[]
[]
[]
[]
[]
[]
[]
[]
[]
[]
[]
[187076, 187204]
[214054, 214310]
[]
[573454, 573566]
[]
[971063, 971266]
[]
[]
[]
[]
[]
[]
[]
[]
[]
[683847, 683982]
[]
[]
[]
[]
[]
[]
[61671, 61799]
[]
[]
[]
[]
[]
[]
[]
[]
[202501, 202734]
[]
[]
[]
[115625, 115800]
[]
[]
[]
[]
[618910, 619083] [618943, 619083]
[288989, 289320]
[]
[]
[]
[]
[]
[]
[]
[]
[]
[]
[]
[]
[]
[]
[]
[]
[]
[]
[]
[]
[]
[]
[]
[]
[]
[425922, 425950]
[]
[569313, 569670]
[]
[]
[]
[]
[]
[]
[]
[]
[612008, 612217]
[]
[]
[]
[255743, 255877]
[]
[]
[]
[]
[]
[876210, 876312]
[]
[]
[]
[298481, 298604]
[]
[]
[]
[]
[]
[]
[]
[]
[]
[]
[]
[]
[]
[]
[]
[]
[]
[]
[]
[]
[]
[]
[]
[]
[]
[]
[]
[]
[]
[]
[]
[]
[]
[]
[]
[]
[]
[]
[]
[612251, 612296]
[]
[]
[]
[]
[]
[]
[]
[]
[]
[]
[]
[]
[]
[]
[]
[]
[]
[]
[]
[]
[]
[]
[]
[]
[]
[]
[]
[]
[]
[]
[]
[]
[]
[]
[]
[]
[]
[]
[]
[]
[]
[]
[]
[]
[]
[]
[]
[]
[]
[]
[]
[]
[]
[]
[]
[]
[]
[]
[]
[]
[]
[]
[530512, 530569]
[]
[]
[]
[]
[]
[]
[]
[]
[]
[]
[]
[]
[]
[]
[]
[]
[]
[]
[622036, 622223]
[]
[]
[]
[]
[]
[]
[]
[]
[]
[]
[]
[]
[]
[]
[]
[]
[]
[]
[]
[]
[]
[]
[]
[]
[]
[]
[]
[]
[]
[]
[]
[]
[]
[]
[]
[]
[]
[]
[]
[52643, 52882]
[]
[]
[]
[]
[]
[]
[]
[]
[]
[]
[]
[]
[]
[]
[]
[]
[]
[]
[]
[]
[]
[]
[]
[]
[]
[]
[]
[]
[]
[]
[]
[]
[]
[]
[]
[]
[]
[]
[]
[136851, 136963]
[]
[]
[]
[]
[]
[]
[]
[]
[]
[]
[]
[]
[]
[]
[]
[471484, 471625]
[960847, 961035]
[]
[]
[]
[]
[]
[]
[]
[]
[]
[]
[]
[]
[]
[]
[]
[]
[]
[177108, 177290] [177113, 177328]
[]
[]
[]
[]
[]
[]
[]
[]
[883642, 883808]
[]
[]
[808405, 808604]
[]
[]
[]
[471484, 471625]
[622036, 622223]
[114646, 114821]
[]
[]
[]
[]
[]
[]
[]
[]
[]
[]
[]
[]
[]
[]
[]
[]
[]
[]
[]
[]
[]
[]
[]
[]
[]
[]
[]
[]
[]
[683847, 683982]
[]
[]
[]
[]
[]
[]
[]
[569313, 569670] [569545, 569708]
[]
[]
[]
[]
[]
[]
[]
[]
[]
[871921, 872013]
[]
[]
[]
[]
[]
[]
[686821, 686921]
[]
[]
[]
[728985, 729040]
[]
[]
[]
[]
[]
[]
[]
[]
[]
[]
[]
[]
[]
[]
[]
[]
[]
[]
[]
[]
[]
[]
[186391, 186530]
[]
[]
[]
[]
[]
[]
[]
[]
[]
[]
[]
[]
[]
[]
[]
[]
[609540, 609635]
[]
[]
[]
[]
[187076, 187204]
[]
[]
[449923, 450056]
[]
[]
[]
[]
[]
[]
[]
[]
[7835, 7917]
[]
[]
[]
[]
[]
[]
[]
[186391, 186530]
[]
[]
[]
[]
[]
[]
[]
[]
[]
[]
[]
[]
[]
[]
[]
[]
[]
[]
[]
[]
[134573, 134860]
[50317, 50470]
[]
[]
[]
[]
[]
[]
[]
[505729, 505906]
[633591, 633788] [633649, 633752]
[]
[424581, 424747]
[]
[]
[]
[]
[]
[]
[]
[]
[]
[]
[46281, 46396]
[]
[]
[]
[]
[]
[]
[]
[]
[]
[]
[]
[]
[]
[]
[]
[]
[60496, 60790] [60564, 60816]
[]
[]
[]
[]
[]
[]
[]
[]
[985686, 985718]
[]
[541846, 542051]
[]
[]
[]
[]
[]
[]
[94582, 94768]
[]
[]
[]
[]
[]
[]
[28313, 28427]
[125798, 125874]
[]
[58937, 59150]
[]
[]
[]
[]
[]
[393351, 393412]
[]
[]
[]
[]
[]
[]
[]
[]
[]
[]
[]
[]
[]
[]
[]
[]
[]
[]
[]
[]
[]
[]
[]
[270507, 270673]
[]
[]
[]
[550584, 550612]
[]
[]
[]
[]
[996680, 996909]
[]
[]
[]
[]
[]
[]
[]
[]
[]
[]
[]
[]
[936263, 936429]
[]
[]
[]
[]
[]
[]
[]
[]
[]
[]
[]
[]
[]
[]
[]
[]
[]
[]
[]
[]
[]
[]
[]
[]
[]
[]
[]
[]
[]
[]
[]
[]
[]
[]
[]
[]
[274610, 274750]
[]
[]
[]
[]
[]
[]
[]
[]
[]
[]
[]
[]
[]
[]
[542010, 542225]
[]
[]
[]
[]
[]
[]
[]
[]
[]
[]
[]
[]
[]
[156716, 156764]
[]
[349582, 349934]
[]
[]
[]
[]
[]
[]
[]
[]
[]
[]
[]
[]
[]
[]
[605681, 605787]
[]
[]
[]
[]
[]
[]
[]
[]
[]
[]
[]
[]
[]
[]
[]
[]
[]
[]
[]
[]
[]
[]
[]
[]
[]
[]
[]
[]
[]
[]
[]
[]
[909682, 909800]
[]
[]
[]
[475733, 475802]
[]
[]
[351841, 352181]
[]
[]
[]
[]
[]
[]
[]
[]
[]
[]
[]
[]
[]
[]
[]
[]
[]
[]
[]
[]
[]
[327863, 328000]
[]
[]
[]
[]
[]
[845079, 845399] [845269, 845433]
[]
[]
[]
[]
[]
[]
[]
[52259, 52522]
[]
[]
[]
[]
[]
[]
[]
[845079, 845399]
[]
[]
[]
[]
[]
[]
[]
[804285, 804474]
[]
[]
[]
[]
[]
[]
[710667, 710772]
[]
[]
[404101, 404378]
[]
[]
[43491, 43630]
[]
[]
[]
[]
[]
[]
[]
[]
[]
[631698, 631936]
[]
[]
[]
[]
[]
[]
[]
[]
[]
[]
[]
[]
[]
[]
[]
[]
[]
[]
[]
[]
[301516, 301614]
[]
[]
[]
[]
[]
[]
[]
[]
[]
[]
[]
[]
[]
[]
[]
[]
[]
[]
[]
[]
[]
[]
[]
[]
[]
[]
[]
[]
[]
[]
[]
[]
[]
[]
[]
[658785, 659054]
[310784, 310975]
[]
[]
[]
[]
[252010, 252121]
[]
[]
[]
[]
[134573, 134860]
[]
[]
[]
[]
[]
[]
[]
[]
[]
[]
[]
[]
[]
[]
[509399, 509487]
[]
[]
[]
[]
[]
[]
[]
[]
[]
[]
[]
[285530, 285676]
[]
[]
[]
[]
[]
[]
[]
[]
[]
[]
[]
[]
[]
[]
[798873, 799102]
[]
[]
[310784, 310975]
[]
[]
[]
[]
[]
[]
[]
[]
[]
[]
[]
[]
[]
[]
[]
[]
[]
[]
[]
[]
[]
[]
[]
[]
[]
[]
[]
[]
[43491, 43630]
[]
[]
[]
[]
[]
[]
[]
[]
[]
[]
[]
[]
[]
[]
[]
[]
[]
[]
[]
[888290, 888478]
[865014, 865087]
[]
[625104, 625203]
[854696, 854791]
[]
[]
[]
[]
[]
[]
[]
[]
[]
[]
[565622, 565878]
[]
[]
[]
[]
[]
[]
[]
[]
[]
[]
[]
[]
[]
[]
[]
[]
[]
[126640, 126882]
[]
[850569, 850930]
[]
[]
[]
[]
[912550, 912711]
[]
[]
[]
[]
[]
[]
[]
[]
[]
[]
[]
[]
[972370, 972499]
[]
[]
[]
[]
[]
[]
[]
[470096, 470347]
[]
[]
[]
[]
[]
[]
[]
[]
[]
[]
[]
[]
[]
[]
[]
[]
[]
[]
[]
[]
[]
[]
[]
[]
[]
[]
[]
[]
[]
[]
[]
[]
[]
[]
[]
[]
[]
[]
[983991, 984073]
[]
[677477, 677773]
[]
[888290, 888478]
[]
[647860, 647930]
[]
[]
[]
[]
[]
[]
[]
[]
[548358, 548441]
[597145, 597294]
[]
[]
[]
[]
[]
[]
[]
[92847, 92949]
[]
[]
[]
[]
[]
[802226, 802588]
[]
[]
[440659, 440917]
[]
[]
[]
[]
[]
[]
[]
[]
[]
[]
[]
[]
[]
[]
[]
[]
[]
[]
[]
[]
[]
[]
[]
[]
[]
[]
[798873, 799102]
[]
[]
[]
[]
[]
[]
[]
[]
[]
[]
[]
[]
[]
[]
[310784, 310975]
[]
[]
[817572, 817744] [817582, 817746]
[]
[]
[]
[]
[]
[]
[]
[]
[]
[]
[]
[990687, 990783]
[]
[]
[]
[]
[]
[934359, 934752]
[]
[]
[]
[]
[]
[]
[]
[]
[]
[]
[]
[]
[]
[]
[]
[]
[]
[414095, 414466]
[]
[]
[]
[]
[]
[115625, 115800]
[]
[]
[]
[116876, 117119]
[]
[787865, 788056]
[]
[]
[]
[]
[404522, 404749]
[]
[]
[]
[]
[]
[]
[]
[]
[]
[]
[]
[]
[436327, 436487]
[]
[]
[]
[]
[]
[]
[]
[]
[]
[]
[]
[]
[]
[]
[]
[502253, 502474]
[]
[]
[]
[]
[]
[]
[]
[]
[]
[]
[]
[]
[]
[]
[]
[]
[]
[]
[]
[]
[]
[]
[]
[]
[]
[]
[]
[]
[]
[]
[]
[]
[]
[]
[]
[]
[936263, 936429]
[]
[]
[]
[]
[]
[]
[]
[]
[]
[]
[]
[]
[]
[]
[152335, 152634]
[]
[]
[]
[]
[]
[]
[]
[]
[]
[]
[]
[]
[]
[]
[]
[]
[]
[513529, 513736]
[]
[]
[901655, 901865]
[]
[]
[]
[]
[]
[]
[]
[]
[]
[]
[]
[]
[]
[]
[]
[]
[]
[]
[]
[]
[]
[]
[]
[]
[]
[]
[]
[642125, 642273]
[]
[]
[]
[]
[]
[]
[]
[]
[]
[]
[]
[]
[]
[]
[]
[]
[]
[683847, 683982]
[]
[]
[]
[]
[]
[73566, 73735]
[671249, 671448]
[]
[]
[]
[]
[]
[]
[]
[]
[]
[234236, 234334]
[]
[]
[]
[]
[]
[]
[]
[]
[]
[]
[]
[]
[]
[]
[]
[]
[]
[221422, 221634]
[]
[]
[]
[]
[]
[]
[]
[]
[]
[450979, 451364]
[]
[]
[639877, 640133]
[]
[]
[]
[]
[193919, 194234]
[]
[]
[118159, 118313]
[]
[]
[]
[]
[]
[]
[]
[363952, 364005]
[]
[]
[]
[]
[]
[]
[]
[]
[]
[]
[]
[]
[]
[]
[]
[]
[]
[]
[]
[]
[]
[]
[]
[]
[]
[73566, 73735]
[]
[]
[]
[]
[]
[]
[]
[]
[]
[]
[]
[]
[]
[]
[]
[]
[]
[]
[]
[]
[]
[]
[]
[]
[]
[739910, 739937] [739927, 740071]
[]
[]
[]
[]
[]
[]
[]
[]
[]
[]
[]
[133745, 133905]
[]
[]
[]
[]
[]
[]
[404522, 404749]
[337220, 337370]
[404522, 404749]
[]
[]
[]
[]
[402294, 402589]
[]
[]
[]
[]
[]
[]
[]
[]
[]
[]
[719073, 719120]
[]
[]
[]
[]
[]
[]
[798873, 799102]
[]
[]
[]
[]
[]
[]
[851002, 851298]
[]
[]
[]
[]
[]
[]
[]
[]
[]
[]
[]
[]
[]
[]
[]
[]
[]
[]
[]
[]
[]
[]
[]
[854696, 854791]
[]
[]
[]
[]
[]
[]
[]
[]
[]
[]
[]
[]
[]
[564127, 564320]
[]
[]
[]
[]
[]
[]
[]
[]
[]
[251588, 251796]
[840889, 841128]
[]
[]
[]
[330470, 330688]
[331154, 331333]
[514128, 514330]
[]
[]
[52259, 52522]
[]
[987402, 987565]
[]
[]
[]
[]
[]
[]
[]
[]
[]
[]
[]
[]
[]
[]
[]
[]
[]
[]
[]
[]
[]
[456586, 456916]
[]
[]
[]
[]
[]
[]
[]
[]
[]
[]
[]
[]
[]
[]
[]
[]
[]
[]
[]
[]
[]
[]
[]
[]
[845079, 845399] [845269, 845433]
[]
[]
[]
[]
[]
[]
[]
[]
[]
[]
[]
[]
[]
[]
[]
[]
[]
[]
[]
[723989, 724147]
[197561, 197835]
[]
[]
[]
[]
[]
[]
[]
[280497, 280677]
[]
[]
[]
[]
[]
[]
[]
[]
[]
[]
[]
[]
[]
[]
[]
[]
[]
[824675, 824812]
[]
[]
[]
[]
[]
[316914, 317206]
[]
[]
[]
[]
[]
[]
[]
[]
[]
[]
[404522, 404749]
[]
[]
[]
[]
[]
[]
[]
[]
[]
[]
[]
[]
[]
[]
[]
[]
[]
[]
[450979, 451364] [451035, 451075]
[]
[]
[]
[]
[]
[]
[]
[]
[]
[]
[]
[]
[]
[]
[]
[]
[]
[]
[]
[]
[]
[]
[]
[]
[]
[]
[]
[]
[]
[]
[]
[]
[]
[]
[]
[]
[]
[]
[]
[]
[]
[]
[]
[]
[]
[]
[]
[]
[]
[]
[]
[]
[]
[]
[]
[3274, 3362]
[]
[]
[]
[]
[]
[]
[]
[768786, 769064]
[]
[]
[]
[]
[]
[]
[]
[]
[]
[126640, 126882]
[]
[]
[]
[]
[]
[33654, 33731]
[]
[]
[]
[]
[]
[]
[]
[]
[]
[]
[]
[]
[]
[]
[878489, 878677]
[]
[]
[728985, 729040]
[]
[]
[]
[986796, 986914]
[]
[]
[]
[]
[]
[]
[]
[]
[]
[]
[]
[]
[]
[]
[]
[]
[]
[]
[]
[]
[]
[]
[423286, 423498]
[]
[]
[]
[]
[]
[]
[795523, 795592]
[]
[]
[]
[]
[]
[]
[]
[]
[]
[]
[]
[]
[]
[]
[]
[13633, 13789]
[]
[]
[]
[586817, 586999]
[]
[]
[]
[]
[]
[]
[]
[]
[]
[]
[]
[]
[]
[]
[]
[341536, 341714]
[]
[]
[]
[]
[]
[]
[]
[]
[]
[]
[349127, 349234]
[]
[]
[]
[]
[]
[]
[]
[]
[]
[244965, 245122] [244965, 245158]
[]
[]
[]
[]
[]
[]
[]
[]
[]
[]
[]
[]
[]
[]
[72154, 72301]
[]
[]
[]
[]
[]
[]
[]
[]
[]
[]
[]
[]
[]
[]
[]
[]
[]
[]
[186391, 186530]
[]
[]
[]
[]
[]
[]
[]
[]
[411959, 412201]
[]
[]
[]
[]
[]
[]
[]
[]
[]
[]
[]
[]
[457776, 457848]
[]
[]
[]
[]
[]
[]
[]
[]
[]
[]
[]
[]
[]
[]
[418129, 418264]
[]
[]
[265063, 265180]
[843156, 843490]
[]
[]
[]
[]
[]
[]
[569545, 569708]
[]
[680394, 680460]
[]
[]
[46077, 46275]
[]
[]
[]
[]
[]
[]
[]
[]
[]
[]
[891353, 891515]
[]
[]
[]
[]
[]
[]
[]
[]
[]
[]
[]
[]
[]
[]
[]
[]
[]
[]
[]
[]
[]
[]
[]
[]
[]
[]
[]
[582793, 582950]
[424581, 424747]
[867090, 867090]
[]
[]
[]
[]
[]
[]
[]
[]
[]
[]
[]
[]
[]
[]
[]
[]
[]
[]
[]
[]
[]
[]
[]
[]
[]
[125798, 125874]
[]
[]
[]
[]
[]
[]
[531759, 531810]
[]
[]
[]
[]
[]
[]
[]
[]
[]
[]
[949101, 949304]
[]
[]
[]
[]
[]
[]
[]
[]
[]
[]
[]
[]
[]
[]
[]
[]
[]
[]
[]
[]
[]
[]
[]
[]
[]
[]
[]
[781268, 781536]
[]
[]
[]
[]
[]
[]
[]
[]
[]
[]
[]
[657253, 657489]
